<?xml version="1.0" encoding="UTF-8"?>
<!-- Generated by org.testng.reporters.JUnitReportReporter -->
<testsuite skipped="0" hostname="LAPTOP-RJ4OSE86" name="extentReport.extentReportPractice" tests="1" failures="0" timestamp="27 Sep 2022 03:29:39 GMT" time="37.106" errors="0">
  <testcase name="Actualcode" time="37.106" classname="extentReport.extentReportPractice"/>
</testsuite> <!-- extentReport.extentReportPractice -->
