<?xml version="1.0" encoding="UTF-8"?>
<!-- Generated by org.testng.reporters.JUnitReportReporter -->
<testsuite skipped="0" hostname="LAPTOP-RJ4OSE86" name="pageObjectModel.LoginVtigerScript" tests="1" failures="0" timestamp="21 Sep 2022 18:13:09 GMT" time="25.797" errors="0">
  <testcase name="LoginonVtiger" time="25.797" classname="pageObjectModel.LoginVtigerScript"/>
</testsuite> <!-- pageObjectModel.LoginVtigerScript -->
