<?xml version="1.0" encoding="UTF-8"?>
<!-- Generated by org.testng.reporters.JUnitReportReporter -->
<testsuite skipped="0" hostname="LAPTOP-RJ4OSE86" name="testNGpractice.AttributesDependOnMethods" tests="4" failures="0" timestamp="14 Sep 2022 16:59:40 GMT" time="0.014" errors="0">
  <testcase name="WebStudentLogin" time="0.008" classname="testNGpractice.AttributesDependOnMethods"/>
  <testcase name="MobileStudentLogin" time="0.002" classname="testNGpractice.AttributesDependOnMethods"/>
  <testcase name="APIStudentLogin" time="0.001" classname="testNGpractice.AttributesDependOnMethods"/>
  <testcase name="Checking" time="0.003" classname="testNGpractice.AttributesDependOnMethods"/>
</testsuite> <!-- testNGpractice.AttributesDependOnMethods -->
