<?xml version="1.0" encoding="UTF-8"?>
<!-- Generated by org.testng.reporters.JUnitReportReporter -->
<testsuite skipped="0" hostname="LAPTOP-RJ4OSE86" name="grouping_parameterisation.DataProviderPractice" tests="3" failures="0" timestamp="12 Sep 2022 17:12:44 GMT" time="251.773" errors="0">
  <testcase name="Login" time="101.968" classname="grouping_parameterisation.DataProviderPractice"/>
  <testcase name="Login" time="121.233" classname="grouping_parameterisation.DataProviderPractice"/>
  <testcase name="Login" time="28.572" classname="grouping_parameterisation.DataProviderPractice"/>
</testsuite> <!-- grouping_parameterisation.DataProviderPractice -->
