<?xml version="1.0" encoding="UTF-8"?>
<!-- Generated by org.testng.reporters.JUnitReportReporter -->
<testsuite skipped="0" hostname="LAPTOP-RJ4OSE86" name="pageObjectModel.LeadCreationScript" tests="2" failures="0" timestamp="28 Sep 2022 05:19:57 GMT" time="14.827" errors="0">
  <testcase name="leaddelete" time="1.050" classname="pageObjectModel.LeadCreationScript"/>
  <testcase name="LeadCreation" time="13.777" classname="pageObjectModel.LeadCreationScript"/>
</testsuite> <!-- pageObjectModel.LeadCreationScript -->
