<?xml version="1.0" encoding="UTF-8"?>
<!-- Generated by org.testng.reporters.JUnitReportReporter -->
<testsuite skipped="0" hostname="LAPTOP-RJ4OSE86" name="testAnnotations.AnnotationsUse" tests="2" failures="0" timestamp="11 Sep 2022 13:41:27 GMT" time="4.497" errors="0">
  <testcase name="testSearch" time="4.456" classname="testAnnotations.AnnotationsUse"/>
  <testcase name="TitleValidation" time="0.041" classname="testAnnotations.AnnotationsUse"/>
</testsuite> <!-- testAnnotations.AnnotationsUse -->
