<?xml version="1.0" encoding="UTF-8"?>
<!-- Generated by org.testng.reporters.JUnitReportReporter -->
<testsuite skipped="0" hostname="LAPTOP-RJ4OSE86" name="grouping_parameterisation.CrossBrowsing_Parallel" tests="2" failures="0" timestamp="19 Sep 2022 13:49:44 GMT" time="70.370" errors="0">
  <testcase name="Login" time="54.280" classname="grouping_parameterisation.CrossBrowsing_Parallel"/>
  <testcase name="Login" time="16.090" classname="grouping_parameterisation.CrossBrowsing_Parallel"/>
</testsuite> <!-- grouping_parameterisation.CrossBrowsing_Parallel -->
