<?xml version="1.0" encoding="UTF-8"?>
<!-- Generated by org.testng.reporters.JUnitReportReporter -->
<testsuite skipped="0" hostname="LAPTOP-RJ4OSE86" name="testNGpractice.AtributePriority" tests="4" failures="0" timestamp="18 Sep 2022 06:03:32 GMT" time="0.021" errors="0">
  <testcase name="grapes" time="0.016" classname="testNGpractice.AtributePriority"/>
  <testcase name="mango" time="0.003" classname="testNGpractice.AtributePriority"/>
  <testcase name="banana" time="0.001" classname="testNGpractice.AtributePriority"/>
  <testcase name="Apple" time="0.001" classname="testNGpractice.AtributePriority"/>
</testsuite> <!-- testNGpractice.AtributePriority -->
