<?xml version="1.0" encoding="UTF-8"?>
<!-- Generated by org.testng.reporters.JUnitReportReporter -->
<testsuite skipped="0" hostname="LAPTOP-RJ4OSE86" name="brokenLink.MultiBrokenLink" tests="1" failures="0" timestamp="05 Oct 2022 14:42:55 GMT" time="46.095" errors="0">
  <testcase name="LinkValidations" time="46.095" classname="brokenLink.MultiBrokenLink"/>
</testsuite> <!-- brokenLink.MultiBrokenLink -->
