<?xml version="1.0" encoding="UTF-8"?>
<!-- Generated by org.testng.reporters.JUnitReportReporter -->
<testsuite skipped="0" hostname="LAPTOP-RJ4OSE86" name="grouping_parameterisation.DataProvider12" tests="1" failures="0" timestamp="19 Sep 2022 13:15:33 GMT" time="26.902" errors="0">
  <testcase name="Logion" time="26.902" classname="grouping_parameterisation.DataProvider12"/>
</testsuite> <!-- grouping_parameterisation.DataProvider12 -->
