<?xml version="1.0" encoding="UTF-8"?>
<!-- Generated by org.testng.reporters.JUnitReportReporter -->
<testsuite skipped="0" hostname="LAPTOP-RJ4OSE86" name="pageObjectModel.ContactCreationandDelete" tests="2" failures="0" timestamp="22 Sep 2022 18:34:02 GMT" time="8.723" errors="0">
  <testcase name="contactdelete" time="3.185" classname="pageObjectModel.ContactCreationandDelete"/>
  <testcase name="contactcreate" time="5.538" classname="pageObjectModel.ContactCreationandDelete"/>
</testsuite> <!-- pageObjectModel.ContactCreationandDelete -->
