<?xml version="1.0" encoding="UTF-8"?>
<!-- Generated by org.testng.reporters.JUnitReportReporter -->
<testsuite skipped="0" hostname="LAPTOP-RJ4OSE86" name="grouping_parameterisation.ParameterisationPractice" tests="1" failures="0" timestamp="12 Sep 2022 15:14:22 GMT" time="14.818" errors="0">
  <testcase name="Login" time="14.818" classname="grouping_parameterisation.ParameterisationPractice"/>
</testsuite> <!-- grouping_parameterisation.ParameterisationPractice -->
