<?xml version="1.0" encoding="UTF-8"?>
<!-- Generated by org.testng.reporters.JUnitReportReporter -->
<testsuite skipped="0" hostname="LAPTOP-RJ4OSE86" name="grouping_parameterisation.GroupPractice" tests="4" failures="0" timestamp="14 Sep 2022 16:48:57 GMT" time="0.031" errors="0">
  <testcase name="Fourth" time="0.002" classname="grouping_parameterisation.GroupPractice"/>
  <testcase name="Third" time="0.001" classname="grouping_parameterisation.GroupPractice"/>
  <testcase name="Second" time="0.002" classname="grouping_parameterisation.GroupPractice"/>
  <testcase name="First" time="0.026" classname="grouping_parameterisation.GroupPractice"/>
</testsuite> <!-- grouping_parameterisation.GroupPractice -->
