<?xml version="1.0" encoding="UTF-8"?>
<!-- Generated by org.testng.reporters.JUnitReportReporter -->
<testsuite skipped="0" hostname="LAPTOP-RJ4OSE86" name="testNGpractice.AttributeGroups" tests="2" failures="0" timestamp="18 Sep 2022 12:12:56 GMT" time="0.011" errors="0">
  <testcase name="wipro" time="0.001" classname="testNGpractice.AttributeGroups"/>
  <testcase name="infosys" time="0.010" classname="testNGpractice.AttributeGroups"/>
</testsuite> <!-- testNGpractice.AttributeGroups -->
