<?xml version="1.0" encoding="UTF-8"?>
<!-- Generated by org.testng.reporters.JUnitReportReporter -->
<testsuite skipped="0" hostname="LAPTOP-RJ4OSE86" name="brokenLink.BrokenLink" tests="1" failures="0" timestamp="05 Oct 2022 14:40:27 GMT" time="35.791" errors="0">
  <testcase name="BrokenLinkstest" time="35.791" classname="brokenLink.BrokenLink"/>
</testsuite> <!-- brokenLink.BrokenLink -->
