<?xml version="1.0" encoding="UTF-8"?>
<!-- Generated by org.testng.reporters.JUnitReportReporter -->
<testsuite skipped="0" hostname="LAPTOP-RJ4OSE86" name="extentReport.ExtentReportyoutube" tests="1" failures="0" timestamp="14 Sep 2022 14:59:30 GMT" time="13.245" errors="0">
  <testcase name="VtigerLogin" time="13.245" classname="extentReport.ExtentReportyoutube"/>
</testsuite> <!-- extentReport.ExtentReportyoutube -->
