<?xml version="1.0" encoding="UTF-8"?>
<!-- Generated by org.testng.reporters.JUnitReportReporter -->
<testsuite skipped="0" hostname="LAPTOP-RJ4OSE86" name="grouping_parameterisation.ParrallelExcecution" tests="2" failures="0" timestamp="12 Sep 2022 17:53:25 GMT" time="52.180" errors="0">
  <testcase name="Login" time="18.040" classname="grouping_parameterisation.ParrallelExcecution"/>
  <testcase name="Login" time="34.140" classname="grouping_parameterisation.ParrallelExcecution"/>
</testsuite> <!-- grouping_parameterisation.ParrallelExcecution -->
