<?xml version="1.0" encoding="UTF-8"?>
<!-- Generated by org.testng.reporters.JUnitReportReporter -->
<testsuite skipped="0" hostname="LAPTOP-RJ4OSE86" name="grouping_parameterisation.Parameterization" tests="1" failures="0" timestamp="18 Sep 2022 17:43:40 GMT" time="33.461" errors="0">
  <testcase name="Login" time="33.461" classname="grouping_parameterisation.Parameterization"/>
</testsuite> <!-- grouping_parameterisation.Parameterization -->
