<?xml version="1.0" encoding="UTF-8"?>
<!-- Generated by org.testng.reporters.JUnitReportReporter -->
<testsuite skipped="0" hostname="LAPTOP-RJ4OSE86" name="extentReport.extentReportPractice" tests="1" failures="0" timestamp="20 Sep 2022 17:10:04 GMT" time="21.585" errors="0">
  <testcase name="Actualcode" time="21.585" classname="extentReport.extentReportPractice"/>
</testsuite> <!-- extentReport.extentReportPractice -->
