<?xml version="1.0" encoding="UTF-8"?>
<!-- Generated by org.testng.reporters.JUnitReportReporter -->
<testsuite skipped="0" hostname="LAPTOP-RJ4OSE86" name="grouping.GroupPractice" tests="2" failures="0" timestamp="12 Sep 2022 13:52:19 GMT" time="0.030" errors="0">
  <testcase name="First" time="0.027" classname="grouping.GroupPractice"/>
  <testcase name="Fourth" time="0.003" classname="grouping.GroupPractice"/>
</testsuite> <!-- grouping.GroupPractice -->
