<?xml version="1.0" encoding="UTF-8"?>
<!-- Generated by org.testng.reporters.JUnitReportReporter -->
<testsuite skipped="0" hostname="LAPTOP-RJ4OSE86" name="DataDriventesting.DatadrivenTest" tests="1" failures="0" timestamp="18 Sep 2022 14:32:50 GMT" time="91.964" errors="0">
  <testcase name="Login" time="91.964" classname="DataDriventesting.DatadrivenTest"/>
</testsuite> <!-- DataDriventesting.DatadrivenTest -->
