<?xml version="1.0" encoding="UTF-8"?>
<!-- Generated by org.testng.reporters.JUnitReportReporter -->
<testsuite skipped="0" hostname="LAPTOP-RJ4OSE86" name="httpRequest.PostRequest" tests="1" failures="0" timestamp="2022-10-18T09:04:19 IST" time="3.308" errors="0">
  <testcase name="create_and_Get" time="3.308" classname="httpRequest.PostRequest"/>
  <system-out/>
</testsuite> <!-- httpRequest.PostRequest -->
