<?xml version="1.0" encoding="UTF-8"?>
<!-- Generated by org.testng.reporters.JUnitReportReporter -->
<testsuite skipped="0" hostname="LAPTOP-RJ4OSE86" name="httpRequest.PostwithcodeOptimisation" tests="1" failures="0" timestamp="2022-10-19T07:43:33 IST" time="4.735" errors="0">
  <testcase name="Post" time="4.735" classname="httpRequest.PostwithcodeOptimisation"/>
  <system-out/>
</testsuite> <!-- httpRequest.PostwithcodeOptimisation -->
